<?xml version="1.0" encoding="UTF-8"?>
<!-- Generated by org.testng.reporters.JUnitXMLReporter -->
<testsuite hostname="MC0Y6RJC" ignored="0" name="Default test" tests="3" failures="0" timestamp="17 Jan 2018 10:40:08 GMT" time="0.039" errors="0">
  <testcase name="@BeforeTest launchingBrowser" time="0.0" classname="com.tokyo.Login">
    <failure type="org.testng.TestNGException" message="
Parameter &amp;apos;Browser&amp;apos; is required by BeforeTest on method launchingBrowser but has not been marked @Optional or defined
in C:\Users\a631020\AppData\Local\Temp\testng-eclipse--1304456603\testng-customsuite.xml">
      <![CDATA[org.testng.TestNGException: Parameter 'Browser' is required by BeforeTest on method launchingBrowser but has not been marked @Optional or definedin C:\Users\a631020\AppData\Local\Temp\testng-eclipse--1304456603\testng-customsuite.xmlat org.testng.internal.Parameters.createParams(Parameters.java:290)at org.testng.internal.Parameters.createParametersForMethod(Parameters.java:359)at org.testng.internal.Parameters.createParameters(Parameters.java:620)at org.testng.internal.Parameters.createConfigurationParameters(Parameters.java:190)at org.testng.internal.Invoker.invokeConfigurations(Invoker.java:209)at org.testng.internal.Invoker.invokeConfigurations(Invoker.java:142)at org.testng.TestRunner.beforeRun(TestRunner.java:529)at org.testng.TestRunner.run(TestRunner.java:497)at org.testng.SuiteRunner.runTest(SuiteRunner.java:455)at org.testng.SuiteRunner.runSequentially(SuiteRunner.java:450)at org.testng.SuiteRunner.privateRun(SuiteRunner.java:415)at org.testng.SuiteRunner.run(SuiteRunner.java:364)at org.testng.SuiteRunnerWorker.runSuite(SuiteRunnerWorker.java:52)at org.testng.SuiteRunnerWorker.run(SuiteRunnerWorker.java:84)at org.testng.TestNG.runSuitesSequentially(TestNG.java:1187)at org.testng.TestNG.runSuitesLocally(TestNG.java:1116)at org.testng.TestNG.runSuites(TestNG.java:1028)at org.testng.TestNG.run(TestNG.java:996)at org.testng.remote.AbstractRemoteTestNG.run(AbstractRemoteTestNG.java:114)at org.testng.remote.RemoteTestNG.initAndRun(RemoteTestNG.java:251)at org.testng.remote.RemoteTestNG.main(RemoteTestNG.java:77)]]>
    </failure>
  </testcase> <!-- @BeforeTest launchingBrowser -->
  <testcase name="@BeforeMethod loginPage" time="0.0" classname="com.tokyo.Login">
    <skipped/>
  </testcase> <!-- @BeforeMethod loginPage -->
  <testcase name="@AfterMethod logout" time="0.0" classname="com.tokyo.Login">
    <skipped/>
  </testcase> <!-- @AfterMethod logout -->
  <testcase name="@BeforeMethod loginPage" time="0.0" classname="com.tokyo.Login">
    <skipped/>
  </testcase> <!-- @BeforeMethod loginPage -->
  <testcase name="@AfterMethod logout" time="0.0" classname="com.tokyo.Login">
    <skipped/>
  </testcase> <!-- @AfterMethod logout -->
  <testcase name="@BeforeMethod loginPage" time="0.0" classname="com.tokyo.Login">
    <skipped/>
  </testcase> <!-- @BeforeMethod loginPage -->
  <testcase name="@AfterMethod logout" time="0.0" classname="com.tokyo.Login">
    <skipped/>
  </testcase> <!-- @AfterMethod logout -->
  <testcase name="@AfterTest closeBrowser" time="0.0" classname="com.tokyo.Login">
    <skipped/>
  </testcase> <!-- @AfterTest closeBrowser -->
  <testcase name="loginSuccessfully" time="0.0" classname="com.tokyo.Login">
    <skipped/>
  </testcase> <!-- loginSuccessfully -->
  <testcase name="loginWrongPassword" time="0.0" classname="com.tokyo.Login">
    <skipped/>
  </testcase> <!-- loginWrongPassword -->
  <testcase name="loginWrongUserName" time="0.0" classname="com.tokyo.Login">
    <skipped/>
  </testcase> <!-- loginWrongUserName -->
</testsuite> <!-- Default test -->
