<?xml version="1.0" encoding="UTF-8"?>
<!-- Generated by org.testng.reporters.JUnitXMLReporter -->
<testsuite hostname="MC0Y6RJC" ignored="0" name="Test" tests="3" failures="2" timestamp="01 Mar 2018 12:09:42 GMT" time="63.24" errors="0">
  <testcase name="loginSuccessfully" time="10.837" classname="com.tokyo.Login"/>
  <testcase name="loginWrongPassword" time="2.059" classname="com.tokyo.Login">
    <failure type="org.openqa.selenium.NoSuchElementException" message="Unable to locate element: {&amp;quot;method&amp;quot;:&amp;quot;xpath&amp;quot;,&amp;quot;selector&amp;quot;:&amp;quot;//input[@id=&amp;apos;_com_liferay_login_web_portlet_LoginPortlet_login&amp;apos;]&amp;quot;}
Command duration or timeout: 0 milliseconds">
      <![CDATA[org.openqa.selenium.NoSuchElementException: Unable to locate element: {"method":"xpath","selector":"//input[@id='_com_liferay_login_web_portlet_LoginPortlet_login']"}Command duration or timeout: 0 millisecondsat org.openqa.selenium.remote.ErrorHandler.createThrowable(ErrorHandler.java:214)at org.openqa.selenium.remote.ErrorHandler.throwIfResponseFailed(ErrorHandler.java:166)at org.openqa.selenium.remote.http.JsonHttpResponseCodec.reconstructValue(JsonHttpResponseCodec.java:40)at org.openqa.selenium.remote.http.AbstractHttpResponseCodec.decode(AbstractHttpResponseCodec.java:80)at org.openqa.selenium.remote.http.AbstractHttpResponseCodec.decode(AbstractHttpResponseCodec.java:44)at org.openqa.selenium.remote.HttpCommandExecutor.execute(HttpCommandExecutor.java:164)at org.openqa.selenium.remote.service.DriverCommandExecutor.execute(DriverCommandExecutor.java:83)at org.openqa.selenium.remote.RemoteWebDriver.execute(RemoteWebDriver.java:601)at org.openqa.selenium.remote.RemoteWebDriver.findElement(RemoteWebDriver.java:371)at org.openqa.selenium.remote.RemoteWebDriver.findElementByXPath(RemoteWebDriver.java:473)at org.openqa.selenium.By$ByXPath.findElement(By.java:361)at org.openqa.selenium.remote.RemoteWebDriver.findElement(RemoteWebDriver.java:363)at com.tokyo.Login.loginWrongPassword(Login.java:132)Caused by: org.openqa.selenium.NoSuchElementException: Unable to locate element: {"method":"xpath","selector":"//input[@id='_com_liferay_login_web_portlet_LoginPortlet_login']"}For documentation on this error, please visit: http://seleniumhq.org/exceptions/no_such_element.htmlBuild info: version: '3.8.1', revision: '6e95a6684b', time: '2017-12-01T19:05:14.666Z'System info: host: 'MC0Y6RJC', ip: '172.16.48.86', os.name: 'Windows 7', os.arch: 'amd64', os.version: '6.1', java.version: '1.8.0_161'Driver info: driver.version: unknownat <anonymous class>.FirefoxDriver.prototype.findElementInternal_(file:///C:/Users/a631020/AppData/Local/Temp/anonymous9084995106175871025webdriver-profile/extensions/fxdriver@googlecode.com/components/driver-component.js:11870)at <anonymous class>.FirefoxDriver.prototype.findElement(file:///C:/Users/a631020/AppData/Local/Temp/anonymous9084995106175871025webdriver-profile/extensions/fxdriver@googlecode.com/components/driver-component.js:11879)at <anonymous class>.DelayedCommand.prototype.executeInternal_/k(file:///C:/Users/a631020/AppData/Local/Temp/anonymous9084995106175871025webdriver-profile/extensions/fxdriver@googlecode.com/components/command-processor.js:13364)at <anonymous class>.DelayedCommand.prototype.executeInternal_(file:///C:/Users/a631020/AppData/Local/Temp/anonymous9084995106175871025webdriver-profile/extensions/fxdriver@googlecode.com/components/command-processor.js:13369)at <anonymous class>.DelayedCommand.prototype.execute/<(file:///C:/Users/a631020/AppData/Local/Temp/anonymous9084995106175871025webdriver-profile/extensions/fxdriver@googlecode.com/components/command-processor.js:13311)... Removed 29 stack frames]]>
    </failure>
  </testcase> <!-- loginWrongPassword -->
  <testcase name="loginWrongUserName" time="5.028" classname="com.tokyo.Login">
    <failure type="org.openqa.selenium.NoSuchElementException" message="Unable to locate element: {&amp;quot;method&amp;quot;:&amp;quot;xpath&amp;quot;,&amp;quot;selector&amp;quot;:&amp;quot;//input[@id=&amp;apos;_com_liferay_login_web_portlet_LoginPortlet_login&amp;apos;]&amp;quot;}
Command duration or timeout: 0 milliseconds">
      <![CDATA[org.openqa.selenium.NoSuchElementException: Unable to locate element: {"method":"xpath","selector":"//input[@id='_com_liferay_login_web_portlet_LoginPortlet_login']"}Command duration or timeout: 0 millisecondsat org.openqa.selenium.remote.ErrorHandler.createThrowable(ErrorHandler.java:214)at org.openqa.selenium.remote.ErrorHandler.throwIfResponseFailed(ErrorHandler.java:166)at org.openqa.selenium.remote.http.JsonHttpResponseCodec.reconstructValue(JsonHttpResponseCodec.java:40)at org.openqa.selenium.remote.http.AbstractHttpResponseCodec.decode(AbstractHttpResponseCodec.java:80)at org.openqa.selenium.remote.http.AbstractHttpResponseCodec.decode(AbstractHttpResponseCodec.java:44)at org.openqa.selenium.remote.HttpCommandExecutor.execute(HttpCommandExecutor.java:164)at org.openqa.selenium.remote.service.DriverCommandExecutor.execute(DriverCommandExecutor.java:83)at org.openqa.selenium.remote.RemoteWebDriver.execute(RemoteWebDriver.java:601)at org.openqa.selenium.remote.RemoteWebDriver.findElement(RemoteWebDriver.java:371)at org.openqa.selenium.remote.RemoteWebDriver.findElementByXPath(RemoteWebDriver.java:473)at org.openqa.selenium.By$ByXPath.findElement(By.java:361)at org.openqa.selenium.remote.RemoteWebDriver.findElement(RemoteWebDriver.java:363)at com.tokyo.Login.loginWrongUserName(Login.java:158)Caused by: org.openqa.selenium.NoSuchElementException: Unable to locate element: {"method":"xpath","selector":"//input[@id='_com_liferay_login_web_portlet_LoginPortlet_login']"}For documentation on this error, please visit: http://seleniumhq.org/exceptions/no_such_element.htmlBuild info: version: '3.8.1', revision: '6e95a6684b', time: '2017-12-01T19:05:14.666Z'System info: host: 'MC0Y6RJC', ip: '172.16.48.86', os.name: 'Windows 7', os.arch: 'amd64', os.version: '6.1', java.version: '1.8.0_161'Driver info: driver.version: unknownat <anonymous class>.FirefoxDriver.prototype.findElementInternal_(file:///C:/Users/a631020/AppData/Local/Temp/anonymous9084995106175871025webdriver-profile/extensions/fxdriver@googlecode.com/components/driver-component.js:11870)at <anonymous class>.FirefoxDriver.prototype.findElement(file:///C:/Users/a631020/AppData/Local/Temp/anonymous9084995106175871025webdriver-profile/extensions/fxdriver@googlecode.com/components/driver-component.js:11879)at <anonymous class>.DelayedCommand.prototype.executeInternal_/k(file:///C:/Users/a631020/AppData/Local/Temp/anonymous9084995106175871025webdriver-profile/extensions/fxdriver@googlecode.com/components/command-processor.js:13364)at <anonymous class>.DelayedCommand.prototype.executeInternal_(file:///C:/Users/a631020/AppData/Local/Temp/anonymous9084995106175871025webdriver-profile/extensions/fxdriver@googlecode.com/components/command-processor.js:13369)at <anonymous class>.DelayedCommand.prototype.execute/<(file:///C:/Users/a631020/AppData/Local/Temp/anonymous9084995106175871025webdriver-profile/extensions/fxdriver@googlecode.com/components/command-processor.js:13311)... Removed 29 stack frames]]>
    </failure>
  </testcase> <!-- loginWrongUserName -->
</testsuite> <!-- Test -->
